=== 2026-08-21T10:42:59Z pytest ===
$ .venv/bin/python -m pytest tests/ -v
============================= test session starts ==============================
platform linux -- Python 3.10.21, pytest-8.2.0, pluggy-1.6.0 -- /home/nhat/Downloads/TRACK2-DAY21-2A202601155-TRANNGUYENTHENHAT/.venv/bin/python
cachedir: .pytest_cache
rootdir: /home/nhat/Downloads/TRACK2-DAY21-2A202601155-TRANNGUYENTHENHAT
plugins: hydra-core-1.3.5, anyio-4.14.2
collecting ... collected 3 items

tests/test_train.py::test_train_returns_float PASSED                     [ 33%]
tests/test_train.py::test_metrics_file_created PASSED                    [ 66%]
tests/test_train.py::test_model_file_created PASSED                      [100%]

=============================== warnings summary ===============================
.venv/lib/python3.10/site-packages/mlflow/utils/requirements_utils.py:20
  /home/nhat/Downloads/TRACK2-DAY21-2A202601155-TRANNGUYENTHENHAT/.venv/lib/python3.10/site-packages/mlflow/utils/requirements_utils.py:20: DeprecationWarning: pkg_resources is deprecated as an API. See https://setuptools.pypa.io/en/latest/pkg_resources.html
    import pkg_resources  # noqa: TID251

.venv/lib/python3.10/site-packages/mlflow/gateway/config.py:61
  /home/nhat/Downloads/TRACK2-DAY21-2A202601155-TRANNGUYENTHENHAT/.venv/lib/python3.10/site-packages/mlflow/gateway/config.py:61: PydanticDeprecatedSince20: Pydantic V1 style `@validator` validators are deprecated. You should migrate to Pydantic V2 style `@field_validator` validators, see the migration guide for more details. Deprecated in Pydantic V2.0 to be removed in V3.0. See Pydantic V2 Migration Guide at https://errors.pydantic.dev/2.13/migration/
    @validator("togetherai_api_key", pre=True)

.venv/lib/python3.10/site-packages/mlflow/gateway/config.py:75
  /home/nhat/Downloads/TRACK2-DAY21-2A202601155-TRANNGUYENTHENHAT/.venv/lib/python3.10/site-packages/mlflow/gateway/config.py:75: PydanticDeprecatedSince20: Pydantic V1 style `@validator` validators are deprecated. You should migrate to Pydantic V2 style `@field_validator` validators, see the migration guide for more details. Deprecated in Pydantic V2.0 to be removed in V3.0. See Pydantic V2 Migration Guide at https://errors.pydantic.dev/2.13/migration/
    @validator("cohere_api_key", pre=True)

.venv/lib/python3.10/site-packages/mlflow/gateway/config.py:83
  /home/nhat/Downloads/TRACK2-DAY21-2A202601155-TRANNGUYENTHENHAT/.venv/lib/python3.10/site-packages/mlflow/gateway/config.py:83: PydanticDeprecatedSince20: Pydantic V1 style `@validator` validators are deprecated. You should migrate to Pydantic V2 style `@field_validator` validators, see the migration guide for more details. Deprecated in Pydantic V2.0 to be removed in V3.0. See Pydantic V2 Migration Guide at https://errors.pydantic.dev/2.13/migration/
    @validator("ai21labs_api_key", pre=True)

.venv/lib/python3.10/site-packages/mlflow/gateway/config.py:92
  /home/nhat/Downloads/TRACK2-DAY21-2A202601155-TRANNGUYENTHENHAT/.venv/lib/python3.10/site-packages/mlflow/gateway/config.py:92: PydanticDeprecatedSince20: Pydantic V1 style `@validator` validators are deprecated. You should migrate to Pydantic V2 style `@field_validator` validators, see the migration guide for more details. Deprecated in Pydantic V2.0 to be removed in V3.0. See Pydantic V2 Migration Guide at https://errors.pydantic.dev/2.13/migration/
    @validator("mosaicml_api_key", pre=True)

.venv/lib/python3.10/site-packages/mlflow/gateway/config.py:122
  /home/nhat/Downloads/TRACK2-DAY21-2A202601155-TRANNGUYENTHENHAT/.venv/lib/python3.10/site-packages/mlflow/gateway/config.py:122: PydanticDeprecatedSince20: Pydantic V1 style `@validator` validators are deprecated. You should migrate to Pydantic V2 style `@field_validator` validators, see the migration guide for more details. Deprecated in Pydantic V2.0 to be removed in V3.0. See Pydantic V2 Migration Guide at https://errors.pydantic.dev/2.13/migration/
    @validator("openai_api_key", pre=True)

.venv/lib/python3.10/site-packages/mlflow/gateway/config.py:179
  /home/nhat/Downloads/TRACK2-DAY21-2A202601155-TRANNGUYENTHENHAT/.venv/lib/python3.10/site-packages/mlflow/gateway/config.py:179: PydanticDeprecatedSince20: Pydantic V1 style `@validator` validators are deprecated. You should migrate to Pydantic V2 style `@field_validator` validators, see the migration guide for more details. Deprecated in Pydantic V2.0 to be removed in V3.0. See Pydantic V2 Migration Guide at https://errors.pydantic.dev/2.13/migration/
    @validator("anthropic_api_key", pre=True)

.venv/lib/python3.10/site-packages/mlflow/gateway/config.py:187
  /home/nhat/Downloads/TRACK2-DAY21-2A202601155-TRANNGUYENTHENHAT/.venv/lib/python3.10/site-packages/mlflow/gateway/config.py:187: PydanticDeprecatedSince20: Pydantic V1 style `@validator` validators are deprecated. You should migrate to Pydantic V2 style `@field_validator` validators, see the migration guide for more details. Deprecated in Pydantic V2.0 to be removed in V3.0. See Pydantic V2 Migration Guide at https://errors.pydantic.dev/2.13/migration/
    @validator("palm_api_key", pre=True)

.venv/lib/python3.10/site-packages/mlflow/gateway/config.py:227
  /home/nhat/Downloads/TRACK2-DAY21-2A202601155-TRANNGUYENTHENHAT/.venv/lib/python3.10/site-packages/mlflow/gateway/config.py:227: PydanticDeprecatedSince20: Pydantic V1 style `@validator` validators are deprecated. You should migrate to Pydantic V2 style `@field_validator` validators, see the migration guide for more details. Deprecated in Pydantic V2.0 to be removed in V3.0. See Pydantic V2 Migration Guide at https://errors.pydantic.dev/2.13/migration/
    @validator("mistral_api_key", pre=True)

.venv/lib/python3.10/site-packages/mlflow/gateway/config.py:308
  /home/nhat/Downloads/TRACK2-DAY21-2A202601155-TRANNGUYENTHENHAT/.venv/lib/python3.10/site-packages/mlflow/gateway/config.py:308: PydanticDeprecatedSince20: Pydantic V1 style `@validator` validators are deprecated. You should migrate to Pydantic V2 style `@field_validator` validators, see the migration guide for more details. Deprecated in Pydantic V2.0 to be removed in V3.0. See Pydantic V2 Migration Guide at https://errors.pydantic.dev/2.13/migration/
    @validator("provider", pre=True)

.venv/lib/python3.10/site-packages/mlflow/gateway/config.py:329
  /home/nhat/Downloads/TRACK2-DAY21-2A202601155-TRANNGUYENTHENHAT/.venv/lib/python3.10/site-packages/mlflow/gateway/config.py:329: PydanticDeprecatedSince20: Pydantic V1 style `@validator` validators are deprecated. You should migrate to Pydantic V2 style `@field_validator` validators, see the migration guide for more details. Deprecated in Pydantic V2.0 to be removed in V3.0. See Pydantic V2 Migration Guide at https://errors.pydantic.dev/2.13/migration/
    @validator("config", pre=True)

.venv/lib/python3.10/site-packages/mlflow/gateway/config.py:369
  /home/nhat/Downloads/TRACK2-DAY21-2A202601155-TRANNGUYENTHENHAT/.venv/lib/python3.10/site-packages/mlflow/gateway/config.py:369: PydanticDeprecatedSince20: Pydantic V1 style `@validator` validators are deprecated. You should migrate to Pydantic V2 style `@field_validator` validators, see the migration guide for more details. Deprecated in Pydantic V2.0 to be removed in V3.0. See Pydantic V2 Migration Guide at https://errors.pydantic.dev/2.13/migration/
    @validator("name")

.venv/lib/python3.10/site-packages/mlflow/gateway/config.py:379
  /home/nhat/Downloads/TRACK2-DAY21-2A202601155-TRANNGUYENTHENHAT/.venv/lib/python3.10/site-packages/mlflow/gateway/config.py:379: PydanticDeprecatedSince20: Pydantic V1 style `@validator` validators are deprecated. You should migrate to Pydantic V2 style `@field_validator` validators, see the migration guide for more details. Deprecated in Pydantic V2.0 to be removed in V3.0. See Pydantic V2 Migration Guide at https://errors.pydantic.dev/2.13/migration/
    @validator("model", pre=True)

.venv/lib/python3.10/site-packages/mlflow/gateway/config.py:390
  /home/nhat/Downloads/TRACK2-DAY21-2A202601155-TRANNGUYENTHENHAT/.venv/lib/python3.10/site-packages/mlflow/gateway/config.py:390: PydanticDeprecatedSince20: Pydantic V1 style `@root_validator` validators are deprecated. You should migrate to Pydantic V2 style `@model_validator` validators, see the migration guide for more details. Deprecated in Pydantic V2.0 to be removed in V3.0. See Pydantic V2 Migration Guide at https://errors.pydantic.dev/2.13/migration/
    @root_validator(skip_on_failure=True)

.venv/lib/python3.10/site-packages/mlflow/gateway/config.py:412
  /home/nhat/Downloads/TRACK2-DAY21-2A202601155-TRANNGUYENTHENHAT/.venv/lib/python3.10/site-packages/mlflow/gateway/config.py:412: PydanticDeprecatedSince20: Pydantic V1 style `@validator` validators are deprecated. You should migrate to Pydantic V2 style `@field_validator` validators, see the migration guide for more details. Deprecated in Pydantic V2.0 to be removed in V3.0. See Pydantic V2 Migration Guide at https://errors.pydantic.dev/2.13/migration/
    @validator("route_type", pre=True)

.venv/lib/python3.10/site-packages/mlflow/gateway/config.py:418
  /home/nhat/Downloads/TRACK2-DAY21-2A202601155-TRANNGUYENTHENHAT/.venv/lib/python3.10/site-packages/mlflow/gateway/config.py:418: PydanticDeprecatedSince20: Pydantic V1 style `@validator` validators are deprecated. You should migrate to Pydantic V2 style `@field_validator` validators, see the migration guide for more details. Deprecated in Pydantic V2.0 to be removed in V3.0. See Pydantic V2 Migration Guide at https://errors.pydantic.dev/2.13/migration/
    @validator("limit", pre=True)

.venv/lib/python3.10/site-packages/mlflow/gateway/config.py:468
  /home/nhat/Downloads/TRACK2-DAY21-2A202601155-TRANNGUYENTHENHAT/.venv/lib/python3.10/site-packages/mlflow/gateway/config.py:468: PydanticDeprecatedSince20: Support for class-based `config` is deprecated, use ConfigDict instead. Deprecated in Pydantic V2.0 to be removed in V3.0. See Pydantic V2 Migration Guide at https://errors.pydantic.dev/2.13/migration/
    class Route(ConfigModel):

tests/test_train.py::test_train_returns_float
tests/test_train.py::test_metrics_file_created
tests/test_train.py::test_model_file_created
  /home/nhat/.local/share/uv/python/cpython-3.10-linux-x86_64-gnu/lib/python3.10/importlib/__init__.py:126: DeprecationWarning: The distutils package is deprecated and slated for removal in Python 3.12. Use setuptools or check PEP 632 for potential alternatives
    return _bootstrap._gcd_import(name[level:], package, level)

tests/test_train.py::test_metrics_file_created
tests/test_train.py::test_model_file_created
  /home/nhat/Downloads/TRACK2-DAY21-2A202601155-TRANNGUYENTHENHAT/.venv/lib/python3.10/site-packages/_distutils_hack/__init__.py:15: UserWarning: Distutils was imported before Setuptools, but importing Setuptools also replaces the `distutils` module in `sys.modules`. This may lead to undesirable behaviors or errors. To avoid these issues, avoid using distutils directly, ensure that setuptools is installed in the traditional way (e.g. not an editable install), and/or make sure that setuptools is always imported before distutils.
    warnings.warn(

tests/test_train.py::test_metrics_file_created
tests/test_train.py::test_model_file_created
  /home/nhat/Downloads/TRACK2-DAY21-2A202601155-TRANNGUYENTHENHAT/.venv/lib/python3.10/site-packages/_distutils_hack/__init__.py:30: UserWarning: Setuptools is replacing distutils. Support for replacing an already imported distutils is deprecated. In the future, this condition will fail. Register concerns at https://github.com/pypa/setuptools/issues/new?template=distutils-deprecation.yml
    warnings.warn(

-- Docs: https://docs.pytest.org/en/stable/how-to/capture-warnings.html
======================== 3 passed, 24 warnings in 3.85s ========================
